[debug] ----------------------------------------------------------------------
[debug] Command:      /usr/local/bin/node /usr/local/bin/firebase deploy
[debug] CLI Version:  3.0.5
[debug] Platform:     darwin
[debug] Node Version: v5.0.0
[debug] Time:         Fri Aug 05 2016 16:19:28 GMT+0200 (CEST)
[debug] ----------------------------------------------------------------------
[debug] 
[debug] > command requires scopes: ["email","openid","https://www.googleapis.com/auth/cloudplatformprojects.readonly","https://www.googleapis.com/auth/firebase"]
[debug] >>> HTTP REQUEST GET https://admin.firebase.com/v1/projects/dashbordntnu 
[debug] <<< HTTP RESPONSE 200
[debug] >>> HTTP REQUEST GET https://admin.firebase.com/v1/database/dashbordntnu/tokens 
[debug] <<< HTTP RESPONSE 200
[info] 
[info] === Deploying to 'dashbordntnu'...
[info] 
[info] i  deploying database, hosting
[info] ✔  database: rules ready to deploy.
[info] i  hosting: preparing public directory for upload...
[debug] >>> HTTP REQUEST PUT https://deploy.firebase.com/v1/hosting/dashbordntnu/uploads/-KOQ3gQle2wbXM9gC6B1?fileCount=108&message= 
